<?xml version="1.0" encoding="UTF-8"?>
<coverage generated="1673737588">
  <project timestamp="1673737588">
    <file name="/var/www/html/src/ClockAwareDate.php">
      <class name="Tactics\DateTime\ClockAwareDate" namespace="global">
        <metrics complexity="8" methods="7" coveredmethods="7" conditionals="0" coveredconditionals="0" statements="15" coveredstatements="15" elements="22" coveredelements="22"/>
      </class>
      <line num="14" type="method" name="__construct" visibility="private" complexity="1" crap="1" count="19"/>
      <line num="18" type="stmt" count="19"/>
      <line num="20" type="method" name="from" visibility="public" complexity="1" crap="1" count="20"/>
      <line num="24" type="stmt" count="20"/>
      <line num="25" type="stmt" count="20"/>
      <line num="26" type="stmt" count="20"/>
      <line num="27" type="stmt" count="19"/>
      <line num="28" type="stmt" count="19"/>
      <line num="29" type="stmt" count="19"/>
      <line num="30" type="stmt" count="19"/>
      <line num="33" type="method" name="now" visibility="public" complexity="2" crap="2" count="18"/>
      <line num="35" type="stmt" count="18"/>
      <line num="36" type="stmt" count="18"/>
      <line num="39" type="method" name="date" visibility="public" complexity="1" crap="1" count="18"/>
      <line num="41" type="stmt" count="18"/>
      <line num="44" type="method" name="isFuture" visibility="public" complexity="1" crap="1" count="17"/>
      <line num="46" type="stmt" count="17"/>
      <line num="49" type="method" name="isPast" visibility="public" complexity="1" crap="1" count="2"/>
      <line num="51" type="stmt" count="2"/>
      <line num="54" type="method" name="add" visibility="public" complexity="1" crap="1" count="5"/>
      <line num="56" type="stmt" count="5"/>
      <line num="57" type="stmt" count="5"/>
      <metrics loc="60" ncloc="60" classes="1" methods="7" coveredmethods="7" conditionals="0" coveredconditionals="0" statements="15" coveredstatements="15" elements="22" coveredelements="22"/>
    </file>
    <file name="/var/www/html/src/ClockAwareDateInterface.php">
      <metrics loc="10" ncloc="10" classes="0" methods="0" coveredmethods="0" conditionals="0" coveredconditionals="0" statements="0" coveredstatements="0" elements="0" coveredelements="0"/>
    </file>
    <file name="/var/www/html/src/ClockAwareInterface.php">
      <metrics loc="15" ncloc="15" classes="0" methods="0" coveredmethods="0" conditionals="0" coveredconditionals="0" statements="0" coveredstatements="0" elements="0" coveredelements="0"/>
    </file>
    <file name="/var/www/html/src/Date.php">
      <class name="Tactics\DateTime\Date" namespace="global">
        <metrics complexity="10" methods="7" coveredmethods="7" conditionals="0" coveredconditionals="0" statements="32" coveredstatements="32" elements="39" coveredelements="39"/>
      </class>
      <line num="16" type="method" name="__construct" visibility="private" complexity="4" crap="4" count="29"/>
      <line num="19" type="stmt" count="29"/>
      <line num="21" type="stmt" count="29"/>
      <line num="22" type="stmt" count="2"/>
      <line num="23" type="stmt" count="2"/>
      <line num="24" type="stmt" count="2"/>
      <line num="25" type="stmt" count="2"/>
      <line num="26" type="stmt" count="2"/>
      <line num="27" type="stmt" count="2"/>
      <line num="28" type="stmt" count="2"/>
      <line num="29" type="stmt" count="2"/>
      <line num="30" type="stmt" count="2"/>
      <line num="31" type="stmt" count="2"/>
      <line num="32" type="stmt" count="2"/>
      <line num="33" type="stmt" count="2"/>
      <line num="34" type="stmt" count="2"/>
      <line num="35" type="stmt" count="2"/>
      <line num="36" type="stmt" count="2"/>
      <line num="37" type="stmt" count="2"/>
      <line num="40" type="stmt" count="27"/>
      <line num="41" type="stmt" count="27"/>
      <line num="44" type="method" name="from" visibility="public" complexity="1" crap="1" count="29"/>
      <line num="46" type="stmt" count="29"/>
      <line num="49" type="method" name="toDateTime" visibility="public" complexity="1" crap="1" count="13"/>
      <line num="51" type="stmt" count="13"/>
      <line num="54" type="method" name="isSame" visibility="public" complexity="1" crap="1" count="3"/>
      <line num="56" type="stmt" count="3"/>
      <line num="57" type="stmt" count="3"/>
      <line num="60" type="method" name="isBefore" visibility="public" complexity="1" crap="1" count="5"/>
      <line num="62" type="stmt" count="5"/>
      <line num="63" type="stmt" count="5"/>
      <line num="64" type="stmt" count="5"/>
      <line num="67" type="method" name="isAfter" visibility="public" complexity="1" crap="1" count="18"/>
      <line num="69" type="stmt" count="18"/>
      <line num="70" type="stmt" count="18"/>
      <line num="71" type="stmt" count="18"/>
      <line num="74" type="method" name="add" visibility="public" complexity="1" crap="1" count="9"/>
      <line num="76" type="stmt" count="9"/>
      <line num="77" type="stmt" count="9"/>
      <metrics loc="80" ncloc="80" classes="1" methods="7" coveredmethods="7" conditionals="0" coveredconditionals="0" statements="32" coveredstatements="32" elements="39" coveredelements="39"/>
    </file>
    <file name="/var/www/html/src/DateInterface.php">
      <metrics loc="20" ncloc="20" classes="0" methods="0" coveredmethods="0" conditionals="0" coveredconditionals="0" statements="0" coveredstatements="0" elements="0" coveredelements="0"/>
    </file>
    <file name="/var/www/html/src/DayOfBirth.php">
      <class name="Tactics\DateTime\DayOfBirth" namespace="global">
        <metrics complexity="10" methods="8" coveredmethods="8" conditionals="0" coveredconditionals="0" statements="12" coveredstatements="12" elements="20" coveredelements="20"/>
      </class>
      <line num="14" type="method" name="__construct" visibility="protected" complexity="2" crap="2" count="10"/>
      <line num="17" type="stmt" count="10"/>
      <line num="18" type="stmt" count="1"/>
      <line num="22" type="method" name="from" visibility="public" complexity="1" crap="1" count="10"/>
      <line num="25" type="stmt" count="10"/>
      <line num="28" type="method" name="is" visibility="public" complexity="2" crap="2" count="3"/>
      <line num="30" type="stmt" count="3"/>
      <line num="31" type="stmt" count="3"/>
      <line num="32" type="stmt" count="3"/>
      <line num="34" type="stmt" count="3"/>
      <line num="37" type="method" name="when" visibility="public" complexity="1" crap="1" count="5"/>
      <line num="39" type="stmt" count="5"/>
      <line num="42" type="method" name="toDateTime" visibility="public" complexity="1" crap="1" count="1"/>
      <line num="44" type="stmt" count="1"/>
      <line num="47" type="method" name="isSame" visibility="public" complexity="1" crap="1" count="1"/>
      <line num="49" type="stmt" count="1"/>
      <line num="52" type="method" name="isBefore" visibility="public" complexity="1" crap="1" count="1"/>
      <line num="54" type="stmt" count="1"/>
      <line num="57" type="method" name="isAfter" visibility="public" complexity="1" crap="1" count="1"/>
      <line num="59" type="stmt" count="1"/>
      <metrics loc="62" ncloc="62" classes="1" methods="8" coveredmethods="8" conditionals="0" coveredconditionals="0" statements="12" coveredstatements="12" elements="20" coveredelements="20"/>
    </file>
    <file name="/var/www/html/src/DueDate.php">
      <class name="Tactics\DateTime\DueDate" namespace="global">
        <metrics complexity="7" methods="6" coveredmethods="6" conditionals="0" coveredconditionals="0" statements="7" coveredstatements="7" elements="13" coveredelements="13"/>
      </class>
      <line num="13" type="method" name="__construct" visibility="private" complexity="2" crap="2" count="5"/>
      <line num="16" type="stmt" count="5"/>
      <line num="17" type="stmt" count="1"/>
      <line num="21" type="method" name="from" visibility="public" complexity="1" crap="1" count="5"/>
      <line num="24" type="stmt" count="5"/>
      <line num="27" type="method" name="toDateTime" visibility="public" complexity="1" crap="1" count="1"/>
      <line num="29" type="stmt" count="1"/>
      <line num="32" type="method" name="isSame" visibility="public" complexity="1" crap="1" count="1"/>
      <line num="34" type="stmt" count="1"/>
      <line num="37" type="method" name="isBefore" visibility="public" complexity="1" crap="1" count="1"/>
      <line num="39" type="stmt" count="1"/>
      <line num="42" type="method" name="isAfter" visibility="public" complexity="1" crap="1" count="1"/>
      <line num="44" type="stmt" count="1"/>
      <metrics loc="47" ncloc="47" classes="1" methods="6" coveredmethods="6" conditionals="0" coveredconditionals="0" statements="7" coveredstatements="7" elements="13" coveredelements="13"/>
    </file>
    <file name="/var/www/html/src/MutableDateInterface.php">
      <metrics loc="14" ncloc="11" classes="0" methods="0" coveredmethods="0" conditionals="0" coveredconditionals="0" statements="0" coveredstatements="0" elements="0" coveredelements="0"/>
    </file>
    <file name="/var/www/html/src/Year.php">
      <class name="Tactics\DateTime\Year" namespace="global">
        <metrics complexity="13" methods="7" coveredmethods="3" conditionals="0" coveredconditionals="0" statements="20" coveredstatements="8" elements="27" coveredelements="11"/>
      </class>
      <line num="23" type="method" name="__construct" visibility="private" complexity="4" crap="6.00" count="3"/>
      <line num="26" type="stmt" count="3"/>
      <line num="27" type="stmt" count="0"/>
      <line num="30" type="stmt" count="3"/>
      <line num="31" type="stmt" count="0"/>
      <line num="34" type="stmt" count="3"/>
      <line num="35" type="stmt" count="0"/>
      <line num="39" type="method" name="for" visibility="public" complexity="1" crap="1" count="3"/>
      <line num="41" type="stmt" count="3"/>
      <line num="44" type="method" name="toInt" visibility="public" complexity="1" crap="1" count="3"/>
      <line num="46" type="stmt" count="3"/>
      <line num="49" type="method" name="next" visibility="public" complexity="1" crap="1" count="1"/>
      <line num="51" type="stmt" count="1"/>
      <line num="54" type="method" name="previous" visibility="public" complexity="2" crap="2.15" count="1"/>
      <line num="56" type="stmt" count="1"/>
      <line num="57" type="stmt" count="0"/>
      <line num="59" type="stmt" count="1"/>
      <line num="62" type="method" name="firstDay" visibility="public" complexity="2" crap="6" count="0"/>
      <line num="64" type="stmt" count="0"/>
      <line num="65" type="stmt" count="0"/>
      <line num="66" type="stmt" count="0"/>
      <line num="68" type="stmt" count="0"/>
      <line num="71" type="method" name="lastDay" visibility="public" complexity="2" crap="6" count="0"/>
      <line num="73" type="stmt" count="0"/>
      <line num="74" type="stmt" count="0"/>
      <line num="75" type="stmt" count="0"/>
      <line num="77" type="stmt" count="0"/>
      <metrics loc="80" ncloc="69" classes="1" methods="7" coveredmethods="3" conditionals="0" coveredconditionals="0" statements="20" coveredstatements="8" elements="27" coveredelements="11"/>
    </file>
    <file name="/var/www/html/src/YearBC.php">
      <class name="Tactics\DateTime\YearBC" namespace="global">
        <metrics complexity="11" methods="7" coveredmethods="0" conditionals="0" coveredconditionals="0" statements="16" coveredstatements="0" elements="23" coveredelements="0"/>
      </class>
      <line num="21" type="method" name="__construct" visibility="private" complexity="2" crap="6" count="0"/>
      <line num="24" type="stmt" count="0"/>
      <line num="25" type="stmt" count="0"/>
      <line num="29" type="method" name="for" visibility="public" complexity="1" crap="2" count="0"/>
      <line num="31" type="stmt" count="0"/>
      <line num="34" type="method" name="toInt" visibility="public" complexity="1" crap="2" count="0"/>
      <line num="36" type="stmt" count="0"/>
      <line num="39" type="method" name="next" visibility="public" complexity="2" crap="6" count="0"/>
      <line num="41" type="stmt" count="0"/>
      <line num="42" type="stmt" count="0"/>
      <line num="44" type="stmt" count="0"/>
      <line num="47" type="method" name="previous" visibility="public" complexity="1" crap="2" count="0"/>
      <line num="49" type="stmt" count="0"/>
      <line num="52" type="method" name="firstDay" visibility="public" complexity="2" crap="6" count="0"/>
      <line num="54" type="stmt" count="0"/>
      <line num="55" type="stmt" count="0"/>
      <line num="56" type="stmt" count="0"/>
      <line num="58" type="stmt" count="0"/>
      <line num="61" type="method" name="lastDay" visibility="public" complexity="2" crap="6" count="0"/>
      <line num="63" type="stmt" count="0"/>
      <line num="64" type="stmt" count="0"/>
      <line num="65" type="stmt" count="0"/>
      <line num="67" type="stmt" count="0"/>
      <metrics loc="70" ncloc="61" classes="1" methods="7" coveredmethods="0" conditionals="0" coveredconditionals="0" statements="16" coveredstatements="0" elements="23" coveredelements="0"/>
    </file>
    <file name="/var/www/html/src/YearInterface.php">
      <metrics loc="19" ncloc="19" classes="0" methods="0" coveredmethods="0" conditionals="0" coveredconditionals="0" statements="0" coveredstatements="0" elements="0" coveredelements="0"/>
    </file>
    <file name="/var/www/html/src/YearsOfAge.php">
      <class name="Tactics\DateTime\YearsOfAge" namespace="global">
        <metrics complexity="7" methods="5" coveredmethods="2" conditionals="0" coveredconditionals="0" statements="11" coveredstatements="5" elements="16" coveredelements="7"/>
      </class>
      <line num="15" type="method" name="__construct" visibility="private" complexity="2" crap="2.06" count="5"/>
      <line num="17" type="stmt" count="5"/>
      <line num="18" type="stmt" count="0"/>
      <line num="21" type="stmt" count="5"/>
      <line num="22" type="stmt" count="5"/>
      <line num="25" type="method" name="on" visibility="public" complexity="2" crap="6" count="0"/>
      <line num="27" type="stmt" count="0"/>
      <line num="28" type="stmt" count="0"/>
      <line num="31" type="stmt" count="0"/>
      <line num="32" type="stmt" count="0"/>
      <line num="35" type="method" name="from" visibility="public" complexity="1" crap="1" count="5"/>
      <line num="37" type="stmt" count="5"/>
      <line num="40" type="method" name="inYears" visibility="public" complexity="1" crap="2" count="0"/>
      <line num="42" type="stmt" count="0"/>
      <line num="45" type="method" name="inMonths" visibility="public" complexity="1" crap="1" count="5"/>
      <line num="47" type="stmt" count="5"/>
      <metrics loc="50" ncloc="50" classes="1" methods="5" coveredmethods="2" conditionals="0" coveredconditionals="0" statements="11" coveredstatements="5" elements="16" coveredelements="7"/>
    </file>
    <metrics files="12" loc="527" ncloc="504" classes="7" methods="47" coveredmethods="33" conditionals="0" coveredconditionals="0" statements="113" coveredstatements="79" elements="160" coveredelements="112"/>
  </project>
</coverage>
